<?xml version="1.0" encoding="UTF-8"?>
<testng-results ignored="0" total="9" passed="9" failed="0" skipped="0">
  <reporter-output>
  </reporter-output>
  <suite started-at="2022-10-28T00:34:38 EEST" name="utils.EmployeeUtilsTest" finished-at="2022-10-28T00:34:38 EEST" duration-ms="203">
    <groups>
    </groups>
    <test started-at="2022-10-28T00:34:38 EEST" name="Command line test" finished-at="2022-10-28T00:34:38 EEST" duration-ms="203">
      <class name="utils.EmployeeUtilsTest">
        <test-method is-config="true" signature="setUp()[pri:0, instance:utils.EmployeeUtilsTest@7817fd62]" started-at="2022-10-28T00:34:38 EEST" name="setUp" finished-at="2022-10-28T00:34:38 EEST" duration-ms="31" status="PASS">
          <reporter-output>
          </reporter-output>
        </test-method> <!-- setUp -->
        <test-method signature="testFindByName()[pri:0, instance:utils.EmployeeUtilsTest@7817fd62]" started-at="2022-10-28T00:34:38 EEST" name="testFindByName" finished-at="2022-10-28T00:34:38 EEST" duration-ms="34" status="PASS">
          <reporter-output>
          </reporter-output>
        </test-method> <!-- testFindByName -->
        <test-method is-config="true" signature="tearDown()[pri:0, instance:utils.EmployeeUtilsTest@7817fd62]" started-at="2022-10-28T00:34:38 EEST" name="tearDown" finished-at="2022-10-28T00:34:38 EEST" duration-ms="0" status="PASS">
          <reporter-output>
          </reporter-output>
        </test-method> <!-- tearDown -->
        <test-method is-config="true" signature="setUp()[pri:0, instance:utils.EmployeeUtilsTest@7817fd62]" started-at="2022-10-28T00:34:38 EEST" name="setUp" finished-at="2022-10-28T00:34:38 EEST" duration-ms="1" status="PASS">
          <reporter-output>
          </reporter-output>
        </test-method> <!-- setUp -->
        <test-method signature="testFindByPartOfTheName()[pri:0, instance:utils.EmployeeUtilsTest@7817fd62]" started-at="2022-10-28T00:34:38 EEST" name="testFindByPartOfTheName" finished-at="2022-10-28T00:34:38 EEST" duration-ms="1" status="PASS">
          <reporter-output>
          </reporter-output>
        </test-method> <!-- testFindByPartOfTheName -->
        <test-method is-config="true" signature="tearDown()[pri:0, instance:utils.EmployeeUtilsTest@7817fd62]" started-at="2022-10-28T00:34:38 EEST" name="tearDown" finished-at="2022-10-28T00:34:38 EEST" duration-ms="1" status="PASS">
          <reporter-output>
          </reporter-output>
        </test-method> <!-- tearDown -->
        <test-method is-config="true" signature="setUp()[pri:0, instance:utils.EmployeeUtilsTest@7817fd62]" started-at="2022-10-28T00:34:38 EEST" name="setUp" finished-at="2022-10-28T00:34:38 EEST" duration-ms="2" status="PASS">
          <reporter-output>
          </reporter-output>
        </test-method> <!-- setUp -->
        <test-method signature="testGetEmployeeMinSalary()[pri:0, instance:utils.EmployeeUtilsTest@7817fd62]" started-at="2022-10-28T00:34:38 EEST" name="testGetEmployeeMinSalary" finished-at="2022-10-28T00:34:38 EEST" duration-ms="0" status="PASS">
          <reporter-output>
          </reporter-output>
        </test-method> <!-- testGetEmployeeMinSalary -->
        <test-method is-config="true" signature="tearDown()[pri:0, instance:utils.EmployeeUtilsTest@7817fd62]" started-at="2022-10-28T00:34:38 EEST" name="tearDown" finished-at="2022-10-28T00:34:38 EEST" duration-ms="0" status="PASS">
          <reporter-output>
          </reporter-output>
        </test-method> <!-- tearDown -->
        <test-method is-config="true" signature="setUp()[pri:0, instance:utils.EmployeeUtilsTest@7817fd62]" started-at="2022-10-28T00:34:38 EEST" name="setUp" finished-at="2022-10-28T00:34:38 EEST" duration-ms="1" status="PASS">
          <reporter-output>
          </reporter-output>
        </test-method> <!-- setUp -->
        <test-method signature="testGetLargestSalary()[pri:0, instance:utils.EmployeeUtilsTest@7817fd62]" started-at="2022-10-28T00:34:38 EEST" name="testGetLargestSalary" finished-at="2022-10-28T00:34:38 EEST" duration-ms="0" status="PASS">
          <reporter-output>
          </reporter-output>
        </test-method> <!-- testGetLargestSalary -->
        <test-method is-config="true" signature="tearDown()[pri:0, instance:utils.EmployeeUtilsTest@7817fd62]" started-at="2022-10-28T00:34:38 EEST" name="tearDown" finished-at="2022-10-28T00:34:38 EEST" duration-ms="0" status="PASS">
          <reporter-output>
          </reporter-output>
        </test-method> <!-- tearDown -->
        <test-method is-config="true" signature="setUp()[pri:0, instance:utils.EmployeeUtilsTest@7817fd62]" started-at="2022-10-28T00:34:38 EEST" name="setUp" finished-at="2022-10-28T00:34:38 EEST" duration-ms="1" status="PASS">
          <reporter-output>
          </reporter-output>
        </test-method> <!-- setUp -->
        <test-method signature="testGetSmallestSalary()[pri:0, instance:utils.EmployeeUtilsTest@7817fd62]" started-at="2022-10-28T00:34:38 EEST" name="testGetSmallestSalary" finished-at="2022-10-28T00:34:38 EEST" duration-ms="0" status="PASS">
          <reporter-output>
          </reporter-output>
        </test-method> <!-- testGetSmallestSalary -->
        <test-method is-config="true" signature="tearDown()[pri:0, instance:utils.EmployeeUtilsTest@7817fd62]" started-at="2022-10-28T00:34:38 EEST" name="tearDown" finished-at="2022-10-28T00:34:38 EEST" duration-ms="0" status="PASS">
          <reporter-output>
          </reporter-output>
        </test-method> <!-- tearDown -->
        <test-method is-config="true" signature="setUp()[pri:0, instance:utils.EmployeeUtilsTest@7817fd62]" started-at="2022-10-28T00:34:38 EEST" name="setUp" finished-at="2022-10-28T00:34:38 EEST" duration-ms="1" status="PASS">
          <reporter-output>
          </reporter-output>
        </test-method> <!-- setUp -->
        <test-method signature="testMaxBonusToSalary()[pri:0, instance:utils.EmployeeUtilsTest@7817fd62]" started-at="2022-10-28T00:34:38 EEST" name="testMaxBonusToSalary" finished-at="2022-10-28T00:34:38 EEST" duration-ms="1" status="PASS">
          <reporter-output>
          </reporter-output>
        </test-method> <!-- testMaxBonusToSalary -->
        <test-method is-config="true" signature="tearDown()[pri:0, instance:utils.EmployeeUtilsTest@7817fd62]" started-at="2022-10-28T00:34:38 EEST" name="tearDown" finished-at="2022-10-28T00:34:38 EEST" duration-ms="0" status="PASS">
          <reporter-output>
          </reporter-output>
        </test-method> <!-- tearDown -->
        <test-method is-config="true" signature="setUp()[pri:0, instance:utils.EmployeeUtilsTest@7817fd62]" started-at="2022-10-28T00:34:38 EEST" name="setUp" finished-at="2022-10-28T00:34:38 EEST" duration-ms="1" status="PASS">
          <reporter-output>
          </reporter-output>
        </test-method> <!-- setUp -->
        <test-method signature="testMaxNumberOfSubordinates()[pri:0, instance:utils.EmployeeUtilsTest@7817fd62]" started-at="2022-10-28T00:34:38 EEST" name="testMaxNumberOfSubordinates" finished-at="2022-10-28T00:34:38 EEST" duration-ms="5" status="PASS">
          <reporter-output>
          </reporter-output>
        </test-method> <!-- testMaxNumberOfSubordinates -->
        <test-method is-config="true" signature="tearDown()[pri:0, instance:utils.EmployeeUtilsTest@7817fd62]" started-at="2022-10-28T00:34:38 EEST" name="tearDown" finished-at="2022-10-28T00:34:38 EEST" duration-ms="1" status="PASS">
          <reporter-output>
          </reporter-output>
        </test-method> <!-- tearDown -->
        <test-method is-config="true" signature="setUp()[pri:0, instance:utils.EmployeeUtilsTest@7817fd62]" started-at="2022-10-28T00:34:38 EEST" name="setUp" finished-at="2022-10-28T00:34:38 EEST" duration-ms="1" status="PASS">
          <reporter-output>
          </reporter-output>
        </test-method> <!-- setUp -->
        <test-method signature="testMinBonusToSalary()[pri:0, instance:utils.EmployeeUtilsTest@7817fd62]" started-at="2022-10-28T00:34:38 EEST" name="testMinBonusToSalary" finished-at="2022-10-28T00:34:38 EEST" duration-ms="0" status="PASS">
          <reporter-output>
          </reporter-output>
        </test-method> <!-- testMinBonusToSalary -->
        <test-method is-config="true" signature="tearDown()[pri:0, instance:utils.EmployeeUtilsTest@7817fd62]" started-at="2022-10-28T00:34:38 EEST" name="tearDown" finished-at="2022-10-28T00:34:38 EEST" duration-ms="1" status="PASS">
          <reporter-output>
          </reporter-output>
        </test-method> <!-- tearDown -->
        <test-method signature="testMinNumberOfSubordinates()[pri:0, instance:utils.EmployeeUtilsTest@7817fd62]" started-at="2022-10-28T00:34:38 EEST" name="testMinNumberOfSubordinates" finished-at="2022-10-28T00:34:38 EEST" duration-ms="1" status="PASS">
          <reporter-output>
          </reporter-output>
        </test-method> <!-- testMinNumberOfSubordinates -->
        <test-method is-config="true" signature="setUp()[pri:0, instance:utils.EmployeeUtilsTest@7817fd62]" started-at="2022-10-28T00:34:38 EEST" name="setUp" finished-at="2022-10-28T00:34:38 EEST" duration-ms="0" status="PASS">
          <reporter-output>
          </reporter-output>
        </test-method> <!-- setUp -->
        <test-method is-config="true" signature="tearDown()[pri:0, instance:utils.EmployeeUtilsTest@7817fd62]" started-at="2022-10-28T00:34:38 EEST" name="tearDown" finished-at="2022-10-28T00:34:38 EEST" duration-ms="1" status="PASS">
          <reporter-output>
          </reporter-output>
        </test-method> <!-- tearDown -->
      </class> <!-- utils.EmployeeUtilsTest -->
    </test> <!-- Command line test -->
  </suite> <!-- utils.EmployeeUtilsTest -->
</testng-results>
