<?xml version="1.0" encoding="UTF-8"?>
<!-- Generated by org.testng.reporters.JUnitXMLReporter -->
<testsuite ignored="0" hostname="DESKTOP-MA33PH7" failures="0" tests="9" name="Command line test" time="0.203" errors="0" timestamp="2022-10-28T00:34:38 EEST">
  <testcase classname="utils.EmployeeUtilsTest" name="testFindByName" time="0.034"/>
  <testcase classname="utils.EmployeeUtilsTest" name="testFindByPartOfTheName" time="0.001"/>
  <testcase classname="utils.EmployeeUtilsTest" name="testGetEmployeeMinSalary" time="0.0"/>
  <testcase classname="utils.EmployeeUtilsTest" name="testGetLargestSalary" time="0.0"/>
  <testcase classname="utils.EmployeeUtilsTest" name="testGetSmallestSalary" time="0.0"/>
  <testcase classname="utils.EmployeeUtilsTest" name="testMaxBonusToSalary" time="0.001"/>
  <testcase classname="utils.EmployeeUtilsTest" name="testMaxNumberOfSubordinates" time="0.005"/>
  <testcase classname="utils.EmployeeUtilsTest" name="testMinBonusToSalary" time="0.0"/>
  <testcase classname="utils.EmployeeUtilsTest" name="testMinNumberOfSubordinates" time="0.001"/>
</testsuite> <!-- Command line test -->
